<?xml version="1.0" encoding="UTF-8"?>
<!-- Generated by org.testng.reporters.JUnitReportReporter -->
<testsuite hostname="DESKTOP-GG0AVE4" name="webdriver.heo" tests="1" failures="0" timestamp="8 Feb 2020 19:17:14 GMT" time="0.024" errors="0">
  <testcase name="f" time="0.024" classname="webdriver.heo"/>
</testsuite> <!-- webdriver.heo -->
