<?xml version="1.0" encoding="UTF-8"?>
<!-- Generated by org.testng.reporters.JUnitReportReporter -->
<testsuite hostname="DESKTOP-GG0AVE4" name="webdriver.NewTest" tests="1" failures="0" timestamp="10 Feb 2020 19:26:17 GMT" time="17.061" errors="0">
  <testcase name="f" time="17.061" classname="webdriver.NewTest"/>
</testsuite> <!-- webdriver.NewTest -->
