<?xml version="1.0" encoding="UTF-8"?>
<!-- Generated by org.testng.reporters.JUnitReportReporter -->
<testsuite hostname="DESKTOP-84B086G" name="webdriver.LaunchWhatsApp" tests="1" failures="0" timestamp="13 Feb 2020 04:29:23 GMT" time="38.349" errors="0">
  <testcase name="f" time="38.349" classname="webdriver.LaunchWhatsApp"/>
</testsuite> <!-- webdriver.LaunchWhatsApp -->
