<?xml version="1.0" encoding="UTF-8"?>
<!-- Generated by org.testng.reporters.JUnitReportReporter -->
<testsuite hostname="DESKTOP-GG0AVE4" name="webdriver.SpicejetSearch" tests="1" failures="0" timestamp="8 Feb 2020 10:45:57 GMT" time="45.851" errors="0">
  <testcase name="f" time="45.851" classname="webdriver.SpicejetSearch"/>
</testsuite> <!-- webdriver.SpicejetSearch -->
