<?xml version="1.0" encoding="UTF-8"?>
<!-- Generated by org.testng.reporters.JUnitReportReporter -->
<testsuite hostname="DESKTOP-GG0AVE4" name="webdriver.WhatsApp_MSG" tests="1" failures="0" timestamp="7 Feb 2020 16:58:15 GMT" time="10.860" errors="0">
  <testcase name="f" time="10.860" classname="webdriver.WhatsApp_MSG"/>
</testsuite> <!-- webdriver.WhatsApp_MSG -->
