<?xml version="1.0" encoding="UTF-8"?>
<!-- Generated by org.testng.reporters.JUnitReportReporter -->
<testsuite hostname="DESKTOP-GG0AVE4" name="webdriver.WhatsApp_DeleteContact" tests="1" failures="0" timestamp="10 Feb 2020 18:39:19 GMT" time="7.954" errors="0">
  <testcase name="f" time="7.954" classname="webdriver.WhatsApp_DeleteContact"/>
</testsuite> <!-- webdriver.WhatsApp_DeleteContact -->
