<?xml version="1.0" encoding="UTF-8"?>
<!-- Generated by org.testng.reporters.JUnitReportReporter -->
<testsuite skipped="0" hostname="DESKTOP-84B086G" name="webdriverJenkins.Test1" tests="1" failures="0" timestamp="14 Feb 2020 05:17:02 GMT" time="7.869" errors="0">
  <testcase name="beforeTest" time="7.869" classname="webdriverJenkins.Test1"/>
</testsuite> <!-- webdriverJenkins.Test1 -->
