<?xml version="1.0" encoding="UTF-8"?>
<!-- Generated by org.testng.reporters.JUnitReportReporter -->
<testsuite hostname="DESKTOP-84B086G" name="webdriver.Test1" tests="1" failures="0" timestamp="13 Feb 2020 06:37:41 GMT" time="14.450" errors="0">
  <testcase name="beforeTest" time="14.450" classname="webdriver.Test1"/>
</testsuite> <!-- webdriver.Test1 -->
